<?xml version="1.0" encoding="UTF-8"?>
<!-- Generated by org.testng.reporters.JUnitXMLReporter -->
<testsuite hostname="DESKTOP-4LPEL34" ignored="0" name="Surefire test" tests="3" failures="0" timestamp="25 Apr 2019 05:31:49 GMT" time="0.088" errors="0">
  <testcase name="login" time="0.018" classname="Programs.FirstProgram"/>
  <testcase name="logout" time="0.001" classname="Programs.FirstProgram"/>
  <testcase name="search" time="0.001" classname="Programs.FirstProgram"/>
</testsuite> <!-- Surefire test -->
