<?xml version="1.0" encoding="UTF-8"?>
<!-- Generated by org.testng.reporters.JUnitXMLReporter -->
<testsuite hostname="DESKTOP-4LPEL34" ignored="0" name="Test" tests="6" failures="0" timestamp="23 Apr 2019 17:09:09 GMT" time="0.257" errors="0">
  <testcase name="login1" time="0.018" classname="Programs.SecondsPrograms"/>
  <testcase name="logout1" time="0.017" classname="Programs.SecondsPrograms"/>
  <testcase name="search1" time="0.014" classname="Programs.SecondsPrograms"/>
  <testcase name="login" time="0.003" classname="Programs.FirstProgram"/>
  <testcase name="logout" time="0.004" classname="Programs.FirstProgram"/>
  <testcase name="search" time="0.015" classname="Programs.FirstProgram"/>
</testsuite> <!-- Test -->
