<?xml version="1.0" encoding="UTF-8"?>
<!-- Generated by org.testng.reporters.JUnitXMLReporter -->
<testsuite hostname="DESKTOP-4LPEL34" ignored="0" name="Test" tests="6" failures="0" timestamp="25 Apr 2019 05:31:24 GMT" time="0.11" errors="0">
  <testcase name="login1" time="0.022" classname="Programs.SecondsPrograms"/>
  <testcase name="logout1" time="0.001" classname="Programs.SecondsPrograms"/>
  <testcase name="search1" time="0.001" classname="Programs.SecondsPrograms"/>
  <testcase name="login" time="0.006" classname="Programs.FirstProgram"/>
  <testcase name="logout" time="0.0" classname="Programs.FirstProgram"/>
  <testcase name="search" time="0.0" classname="Programs.FirstProgram"/>
</testsuite> <!-- Test -->
