<?xml version="1.0" encoding="UTF-8"?>
<testsuite xmlns:xsi="http://www.w3.org/2001/XMLSchema-instance" xsi:noNamespaceSchemaLocation="https://maven.apache.org/surefire/maven-surefire-plugin/xsd/surefire-test-report-3.0.xsd" version="3.0" name="Programs.FirstProgram" time="1.348" tests="3" errors="0" skipped="0" failures="0">
  <properties>
[...]
</properties>
  <testcase name="login" classname="Programs.FirstProgram" time="0.019"/>
  <testcase name="logout" classname="Programs.FirstProgram" time="0.012"/>
  <testcase name="search" classname="Programs.FirstProgram" time="0.001"/>
</testsuite>