<?xml version="1.0" encoding="UTF-8"?>
<testng-results skipped="0" failed="0" ignored="0" total="3" passed="3">
  <reporter-output>
  </reporter-output>
  <suite name="Surefire suite" duration-ms="88" started-at="2019-04-25T05:31:49Z" finished-at="2019-04-25T05:31:49Z">
    <groups>
    </groups>
    <test name="Surefire test" duration-ms="88" started-at="2019-04-25T05:31:49Z" finished-at="2019-04-25T05:31:49Z">
      <class name="Programs.FirstProgram">
        <test-method status="PASS" signature="login()[pri:0, instance:Programs.FirstProgram@3dd3bcd]" name="login" duration-ms="18" started-at="2019-04-25T05:31:49Z" finished-at="2019-04-25T05:31:49Z">
          <reporter-output>
          </reporter-output>
        </test-method> <!-- login -->
        <test-method status="PASS" signature="logout()[pri:0, instance:Programs.FirstProgram@3dd3bcd]" name="logout" duration-ms="1" started-at="2019-04-25T05:31:49Z" finished-at="2019-04-25T05:31:49Z">
          <reporter-output>
          </reporter-output>
        </test-method> <!-- logout -->
        <test-method status="PASS" signature="search()[pri:0, instance:Programs.FirstProgram@3dd3bcd]" name="search" duration-ms="1" started-at="2019-04-25T05:31:49Z" finished-at="2019-04-25T05:31:49Z">
          <reporter-output>
          </reporter-output>
        </test-method> <!-- search -->
      </class> <!-- Programs.FirstProgram -->
    </test> <!-- Surefire test -->
  </suite> <!-- Surefire suite -->
</testng-results>
